<?xml version="1.0" encoding="UTF-8"?>
<!-- Generated by org.testng.reporters.JUnitReportReporter -->
<testsuite hostname="DESKTOP-UDECO0U" failures="0" tests="2" name="com.selenium.tests.AmazonHamburgerMenuPageTest" time="39.550" errors="0" timestamp="2023-02-13T09:52:38 IST" skipped="0">
  <testcase classname="com.selenium.tests.AmazonHamburgerMenuPageTest" name="amazonHamburgerMenuTest" time="21.184"/>
  <system-out/>
  <testcase classname="com.selenium.tests.AmazonHamburgerMenuPageTest" name="amazonHamburgerMenuTest" time="18.366"/>
  <system-out/>
</testsuite> <!-- com.selenium.tests.AmazonHamburgerMenuPageTest -->
