<?xml version="1.0" encoding="UTF-8"?>
<!-- Generated by org.testng.reporters.JUnitReportReporter -->
<testsuite hostname="DESKTOP-UDECO0U" failures="0" tests="3" name="com.selenium.tests.AmazonHamburgerMenuPageTest" time="67.032" errors="0" timestamp="2023-02-05T20:00:46 IST" skipped="0">
  <testcase classname="com.selenium.tests.AmazonHamburgerMenuPageTest" name="amazonHamburgerMenuTest" time="20.987"/>
  <system-out/>
  <testcase classname="com.selenium.tests.AmazonHamburgerMenuPageTest" name="amazonHamburgerMenuTest" time="21.351"/>
  <system-out/>
  <testcase classname="com.selenium.tests.AmazonHamburgerMenuPageTest" name="amazonHamburgerMenuTest" time="24.694"/>
  <system-out/>
</testsuite> <!-- com.selenium.tests.AmazonHamburgerMenuPageTest -->
