<?xml version="1.0" encoding="UTF-8"?>
<!-- Generated by org.testng.reporters.JUnitReportReporter -->
<testsuite hostname="DESKTOP-UDECO0U" failures="0" tests="2" name="com.selenium.tests.LoginPageTests" time="31.110" errors="0" timestamp="2023-01-27T23:53:37 IST" skipped="0">
  <testcase classname="com.selenium.tests.LoginPageTests" name="test1" time="15.482"/>
  <system-out/>
  <testcase classname="com.selenium.tests.LoginPageTests" name="test2" time="15.628"/>
  <system-out/>
</testsuite> <!-- com.selenium.tests.LoginPageTests -->
