<?xml version="1.0" encoding="UTF-8"?>
<!-- Generated by org.testng.reporters.JUnitReportReporter -->
<testsuite hostname="DESKTOP-UDECO0U" failures="0" tests="1" name="com.selenium.tests.AmazonLoginPageTest" time="16.392" errors="0" timestamp="2023-06-05T11:52:02 IST" skipped="0">
  <testcase classname="com.selenium.tests.AmazonLoginPageTest" name="getLanguageSelection" time="16.392"/>
  <system-out/>
</testsuite> <!-- com.selenium.tests.AmazonLoginPageTest -->
