<?xml version="1.0" encoding="UTF-8"?>
<!-- Generated by org.testng.reporters.JUnitReportReporter -->
<testsuite hostname="DESKTOP-UDECO0U" failures="0" tests="1" name="com.selenium.tests.ZoomLevelTest" time="19.788" errors="0" timestamp="2023-04-02T06:52:03 IST" skipped="0">
  <testcase classname="com.selenium.tests.ZoomLevelTest" name="zoomoutPageTest" time="19.788"/>
  <system-out/>
</testsuite> <!-- com.selenium.tests.ZoomLevelTest -->
