<?xml version="1.0" encoding="UTF-8"?>
<!-- Generated by org.testng.reporters.JUnitReportReporter -->
<testsuite hostname="DESKTOP-UDECO0U" failures="0" tests="1" name="com.selenium.tests.HomePageTests" time="9.602" errors="0" timestamp="2023-01-28T08:08:50 IST" skipped="0">
  <testcase classname="com.selenium.tests.HomePageTests" name="test1" time="9.602"/>
  <system-out/>
</testsuite> <!-- com.selenium.tests.HomePageTests -->
