<?xml version="1.0" encoding="UTF-8"?>
<!-- Generated by org.testng.reporters.JUnitReportReporter -->
<testsuite hostname="DESKTOP-UDECO0U" failures="0" tests="5" name="com.selenium.tests.OrangeHRMLoginPageTest" time="208.636" errors="0" timestamp="2023-02-06T23:28:25 IST" skipped="0">
  <testcase classname="com.selenium.tests.OrangeHRMLoginPageTest" name="loginLogoutTest" time="51.232"/>
  <system-out/>
  <testcase classname="com.selenium.tests.OrangeHRMLoginPageTest" name="loginLogoutTest" time="36.391"/>
  <system-out/>
  <testcase classname="com.selenium.tests.OrangeHRMLoginPageTest" name="loginLogoutTest" time="50.242"/>
  <system-out/>
  <testcase classname="com.selenium.tests.OrangeHRMLoginPageTest" name="newTest" time="43.164"/>
  <system-out/>
  <testcase classname="com.selenium.tests.OrangeHRMLoginPageTest" name="newTest" time="27.607"/>
  <system-out/>
</testsuite> <!-- com.selenium.tests.OrangeHRMLoginPageTest -->
