<?xml version="1.0" encoding="UTF-8"?>
<!-- Generated by org.testng.reporters.JUnitReportReporter -->
<testsuite hostname="DESKTOP-UDECO0U" failures="0" tests="5" name="com.selenium.tests.OrangeHRMLoginPageTest" time="170.014" errors="0" timestamp="2023-02-07T01:47:39 IST" skipped="0">
  <testcase classname="com.selenium.tests.OrangeHRMLoginPageTest" name="loginLogoutTest" time="40.704"/>
  <system-out/>
  <testcase classname="com.selenium.tests.OrangeHRMLoginPageTest" name="loginLogoutTest" time="29.773"/>
  <system-out/>
  <testcase classname="com.selenium.tests.OrangeHRMLoginPageTest" name="loginLogoutTest" time="38.356"/>
  <system-out/>
  <testcase classname="com.selenium.tests.OrangeHRMLoginPageTest" name="newTest" time="36.542"/>
  <system-out/>
  <testcase classname="com.selenium.tests.OrangeHRMLoginPageTest" name="newTest" time="24.639"/>
  <system-out/>
</testsuite> <!-- com.selenium.tests.OrangeHRMLoginPageTest -->
