<?xml version="1.0" encoding="UTF-8"?>
<!-- Generated by org.testng.reporters.JUnitReportReporter -->
<testsuite hostname="DESKTOP-UDECO0U" failures="0" tests="5" name="com.selenium.tests.OrangeHRMLoginPageTest" time="167.666" errors="0" timestamp="2023-02-07T15:36:07 IST" skipped="0">
  <testcase classname="com.selenium.tests.OrangeHRMLoginPageTest" name="loginLogoutTest" time="33.050"/>
  <system-out/>
  <testcase classname="com.selenium.tests.OrangeHRMLoginPageTest" name="loginLogoutTest" time="37.287"/>
  <system-out/>
  <testcase classname="com.selenium.tests.OrangeHRMLoginPageTest" name="loginLogoutTest" time="29.275"/>
  <system-out/>
  <testcase classname="com.selenium.tests.OrangeHRMLoginPageTest" name="newTest" time="34.478"/>
  <system-out/>
  <testcase classname="com.selenium.tests.OrangeHRMLoginPageTest" name="newTest" time="33.576"/>
  <system-out/>
</testsuite> <!-- com.selenium.tests.OrangeHRMLoginPageTest -->
