<?xml version="1.0" encoding="UTF-8"?>
<!-- Generated by org.testng.reporters.JUnitReportReporter -->
<testsuite hostname="DESKTOP-UDECO0U" failures="0" tests="5" name="com.selenium.tests.OrangeHRMLoginPageTest" time="128.753" errors="0" timestamp="2023-02-07T12:55:23 IST" skipped="0">
  <testcase classname="com.selenium.tests.OrangeHRMLoginPageTest" name="loginLogoutTest" time="22.530"/>
  <system-out/>
  <testcase classname="com.selenium.tests.OrangeHRMLoginPageTest" name="loginLogoutTest" time="27.175"/>
  <system-out/>
  <testcase classname="com.selenium.tests.OrangeHRMLoginPageTest" name="loginLogoutTest" time="28.785"/>
  <system-out/>
  <testcase classname="com.selenium.tests.OrangeHRMLoginPageTest" name="newTest" time="26.813"/>
  <system-out/>
  <testcase classname="com.selenium.tests.OrangeHRMLoginPageTest" name="newTest" time="23.450"/>
  <system-out/>
</testsuite> <!-- com.selenium.tests.OrangeHRMLoginPageTest -->
