<?xml version="1.0" encoding="UTF-8"?>
<!-- Generated by org.testng.reporters.JUnitReportReporter -->
<testsuite hostname="DESKTOP-UDECO0U" failures="0" tests="2" name="com.selenium.tests.OrangeHRMLoginPageTest" time="31.952" errors="0" timestamp="2023-02-02T11:26:16 IST" skipped="0">
  <testcase classname="com.selenium.tests.OrangeHRMLoginPageTest" name="loginLogoutTest" time="13.677"/>
  <system-out/>
  <testcase classname="com.selenium.tests.OrangeHRMLoginPageTest" name="newTest" time="18.275"/>
  <system-out/>
</testsuite> <!-- com.selenium.tests.OrangeHRMLoginPageTest -->
